0 info it worked if it ends with ok
1 verbose cli [ 'D:\\Program Files\\nodejs\\\\node.exe',
1 verbose cli   'D:\\Program Files\\nodejs\\node_modules\\npm\\bin\\npm-cli.js',
1 verbose cli   'publish' ]
2 info using npm@2.7.4
3 info using node@v0.12.2
4 verbose node symlink D:\Program Files\nodejs\\node.exe
5 verbose publish [ '.' ]
6 silly cache add args [ '.', null ]
7 verbose cache add spec .
8 silly cache add parsed spec { raw: '.',
8 silly cache add   scope: null,
8 silly cache add   name: null,
8 silly cache add   rawSpec: '.',
8 silly cache add   spec: 'F:\\zoeDylan\\GitHub\\zoeDylan-tool',
8 silly cache add   type: 'directory' }
9 verbose addLocalDirectory C:\Users\zoeDylan\AppData\Roaming\npm-cache\zoedylan-tool\1.0.1\package.tgz not in flight; packing
10 verbose tar pack [ 'C:\\Users\\zoeDylan\\AppData\\Roaming\\npm-cache\\zoedylan-tool\\1.0.1\\package.tgz',
10 verbose tar pack   'F:\\zoeDylan\\GitHub\\zoeDylan-tool' ]
11 verbose tarball C:\Users\zoeDylan\AppData\Roaming\npm-cache\zoedylan-tool\1.0.1\package.tgz
12 verbose folder F:\zoeDylan\GitHub\zoeDylan-tool
13 info prepublish zoedylan-tool@1.0.1
14 verbose addLocalTarball adding from inside cache C:\Users\zoeDylan\AppData\Roaming\npm-cache\zoedylan-tool\1.0.1\package.tgz
15 silly cache afterAdd zoedylan-tool@1.0.1
16 verbose afterAdd C:\Users\zoeDylan\AppData\Roaming\npm-cache\zoedylan-tool\1.0.1\package\package.json not in flight; writing
17 verbose afterAdd C:\Users\zoeDylan\AppData\Roaming\npm-cache\zoedylan-tool\1.0.1\package\package.json written
18 silly publish { name: 'zoedylan-tool',
18 silly publish   version: '1.0.1',
18 silly publish   description: 'zoeDylan私人工具包',
18 silly publish   main: 'index.js',
18 silly publish   scripts: { test: 'echo "Error: no test specified" && exit 1' },
18 silly publish   repository:
18 silly publish    { type: 'git',
18 silly publish      url: 'https://github.com/zoeDylan/zoeDylan-tool' },
18 silly publish   keywords: [ 'zoeDylan', '墨芈', 'Moizd', 'npm' ],
18 silly publish   author: { name: 'zoeDylan' },
18 silly publish   license: 'MIT',
18 silly publish   bugs: { url: 'https://github.com/zoeDylan/zoeDylan-tool/issues' },
18 silly publish   homepage: 'https://github.com/zoeDylan/zoeDylan-tool',
18 silly publish   readme: 'ERROR: No README data found!',
18 silly publish   _id: 'zoedylan-tool@1.0.1',
18 silly publish   _shasum: '551d001687bd453874ae7efc72ef1f0c0a43ee34',
18 silly publish   _from: '.' }
19 silly mapToRegistry name zoedylan-tool
20 silly mapToRegistry using default registry
21 silly mapToRegistry registry https://registry.npmjs.org/
22 silly mapToRegistry uri https://registry.npmjs.org/zoedylan-tool
23 verbose publish registryBase https://registry.npmjs.org/
24 silly publish uploading C:\Users\zoeDylan\AppData\Roaming\npm-cache\zoedylan-tool\1.0.1\package.tgz
25 verbose request uri https://registry.npmjs.org/zoedylan-tool
26 verbose request sending authorization for write operation
27 info attempt registry request try #1 at 20:33:52
28 verbose request using bearer token for auth
29 verbose request id 519b0b078088f4a2
30 http request PUT https://registry.npmjs.org/zoedylan-tool
31 info retry will retry, error on last attempt: Error: read ECONNRESET
32 info attempt registry request try #2 at 20:34:12
33 verbose request using bearer token for auth
34 http request PUT https://registry.npmjs.org/zoedylan-tool
35 http 403 https://registry.npmjs.org/zoedylan-tool
36 verbose headers { 'content-type': 'application/json',
36 verbose headers   'cache-control': 'max-age=60',
36 verbose headers   'content-length': '95',
36 verbose headers   'accept-ranges': 'bytes',
36 verbose headers   date: 'Sat, 04 Jul 2015 12:34:22 GMT',
36 verbose headers   via: '1.1 varnish',
36 verbose headers   connection: 'keep-alive',
36 verbose headers   'x-served-by': 'cache-nrt6127-NRT',
36 verbose headers   'x-cache': 'MISS',
36 verbose headers   'x-cache-hits': '0',
36 verbose headers   'x-timer': 'S1436013261.725634,VS0,VE445' }
37 verbose request invalidating C:\Users\zoeDylan\AppData\Roaming\npm-cache\registry.npmjs.org\zoedylan-tool on PUT
38 error publish Failed PUT 403
39 verbose stack Error: "You cannot publish over the previously published version 1.0.1." : zoedylan-tool
39 verbose stack     at CachingRegistryClient.<anonymous> (D:\Program Files\nodejs\node_modules\npm\node_modules\npm-registry-client\lib\request.js:247:14)
39 verbose stack     at Request._callback (D:\Program Files\nodejs\node_modules\npm\node_modules\npm-registry-client\lib\request.js:170:14)
39 verbose stack     at Request.self.callback (D:\Program Files\nodejs\node_modules\npm\node_modules\request\request.js:344:22)
39 verbose stack     at Request.emit (events.js:110:17)
39 verbose stack     at Request.<anonymous> (D:\Program Files\nodejs\node_modules\npm\node_modules\request\request.js:1239:14)
39 verbose stack     at Request.emit (events.js:129:20)
39 verbose stack     at IncomingMessage.<anonymous> (D:\Program Files\nodejs\node_modules\npm\node_modules\request\request.js:1187:12)
39 verbose stack     at IncomingMessage.emit (events.js:129:20)
39 verbose stack     at _stream_readable.js:908:16
39 verbose stack     at process._tickCallback (node.js:355:11)
40 verbose statusCode 403
41 verbose pkgid zoedylan-tool
42 verbose cwd F:\zoeDylan\GitHub\zoeDylan-tool
43 error Windows_NT 6.3.9600
44 error argv "D:\\Program Files\\nodejs\\\\node.exe" "D:\\Program Files\\nodejs\\node_modules\\npm\\bin\\npm-cli.js" "publish"
45 error node v0.12.2
46 error npm  v2.7.4
47 error code E403
48 error "You cannot publish over the previously published version 1.0.1." : zoedylan-tool
49 error If you need help, you may report this error at:
49 error     <https://github.com/npm/npm/issues>
50 verbose exit [ 1, true ]
